<?xml version="1.0" encoding="UTF-8"?>
<testng-results ignored="0" total="3" passed="3" failed="0" skipped="0">
  <reporter-output>
  </reporter-output>
  <suite started-at="2024-02-13T06:48:18 GMT" name="Default suite" finished-at="2024-02-13T06:48:24 GMT" duration-ms="5656">
    <groups>
      <group name="cucumber">
        <method signature="AbstractTestNGCucumberTests.runScenario(io.cucumber.testng.PickleWrapper,io.cucumber.testng.FeatureWrapper)[pri:0, instance:runner.testCase1Runner@78e4deb0]" name="runScenario" class="io.cucumber.testng.AbstractTestNGCucumberTests"/>
      </group> <!-- cucumber -->
    </groups>
    <test started-at="2024-02-13T06:48:18 GMT" name="Default test" finished-at="2024-02-13T06:48:24 GMT" duration-ms="5656">
      <class name="runner.testCase1Runner">
        <test-method is-config="true" signature="setUpClass(org.testng.ITestContext)[pri:0, instance:runner.testCase1Runner@78e4deb0]" started-at="2024-02-13T06:48:18 GMT" name="setUpClass" finished-at="2024-02-13T06:48:19 GMT" duration-ms="304" status="PASS">
          <params>
            <param index="0">
              <value>
                <![CDATA[org.testng.TestRunner@10c2064a]]>
              </value>
            </param>
          </params>
          <reporter-output>
          </reporter-output>
        </test-method> <!-- setUpClass -->
        <test-method signature="runScenario(io.cucumber.testng.PickleWrapper,io.cucumber.testng.FeatureWrapper)[pri:0, instance:runner.testCase1Runner@78e4deb0]" started-at="2024-02-13T06:48:19 GMT" name="runScenario" description="Runs Cucumber Scenarios" data-provider="scenarios" finished-at="2024-02-13T06:48:24 GMT" duration-ms="5245" status="PASS">
          <params>
            <param index="0">
              <value>
                <![CDATA["Search single item"]]>
              </value>
            </param>
            <param index="1">
              <value>
                <![CDATA["Place Order"]]>
              </value>
            </param>
          </params>
          <reporter-output>
          </reporter-output>
        </test-method> <!-- runScenario -->
        <test-method signature="runScenario(io.cucumber.testng.PickleWrapper,io.cucumber.testng.FeatureWrapper)[pri:0, instance:runner.testCase1Runner@78e4deb0]" started-at="2024-02-13T06:48:24 GMT" name="runScenario" description="Runs Cucumber Scenarios" data-provider="scenarios" finished-at="2024-02-13T06:48:24 GMT" duration-ms="20" status="PASS">
          <params>
            <param index="0">
              <value>
                <![CDATA["Add item to cart"]]>
              </value>
            </param>
            <param index="1">
              <value>
                <![CDATA["Place Order"]]>
              </value>
            </param>
          </params>
          <reporter-output>
          </reporter-output>
        </test-method> <!-- runScenario -->
        <test-method signature="runScenario(io.cucumber.testng.PickleWrapper,io.cucumber.testng.FeatureWrapper)[pri:0, instance:runner.testCase1Runner@78e4deb0]" started-at="2024-02-13T06:48:24 GMT" name="runScenario" description="Runs Cucumber Scenarios" data-provider="scenarios" finished-at="2024-02-13T06:48:24 GMT" duration-ms="15" status="PASS">
          <params>
            <param index="0">
              <value>
                <![CDATA["Checkout Order"]]>
              </value>
            </param>
            <param index="1">
              <value>
                <![CDATA["Place Order"]]>
              </value>
            </param>
          </params>
          <reporter-output>
          </reporter-output>
        </test-method> <!-- runScenario -->
        <test-method is-config="true" signature="tearDownClass()[pri:0, instance:runner.testCase1Runner@78e4deb0]" started-at="2024-02-13T06:48:24 GMT" name="tearDownClass" finished-at="2024-02-13T06:48:24 GMT" duration-ms="3" status="PASS">
          <reporter-output>
          </reporter-output>
        </test-method> <!-- tearDownClass -->
      </class> <!-- runner.testCase1Runner -->
    </test> <!-- Default test -->
  </suite> <!-- Default suite -->
</testng-results>
